[debug] [2021-11-24T16:57:48.758Z] ----------------------------------------------------------------------
[debug] [2021-11-24T16:57:48.761Z] Command:       /snap/node/5534/bin/node /usr/local/bin/firebase deploy
[debug] [2021-11-24T16:57:48.762Z] CLI Version:   9.23.0
[debug] [2021-11-24T16:57:48.762Z] Platform:      linux
[debug] [2021-11-24T16:57:48.762Z] Node Version:  v16.13.0
[debug] [2021-11-24T16:57:48.763Z] Time:          Wed Nov 24 2021 16:57:48 GMT+0000 (Greenwich Mean Time)
[debug] [2021-11-24T16:57:48.763Z] ----------------------------------------------------------------------
[debug] 
[debug] [2021-11-24T16:57:48.842Z] > command requires scopes: ["email","openid","https://www.googleapis.com/auth/cloudplatformprojects.readonly","https://www.googleapis.com/auth/firebase","https://www.googleapis.com/auth/cloud-platform"]
[debug] [2021-11-24T16:57:48.843Z] > authorizing via signed-in user (solomonboateng231@gmail.com)
[debug] [2021-11-24T16:57:48.843Z] [iam] checking project it-solutions-96356 for permissions ["firebase.projects.get","firebasehosting.sites.update"]
[debug] [2021-11-24T16:57:48.846Z] > refreshing access token with scopes: ["email","https://www.googleapis.com/auth/cloud-platform","https://www.googleapis.com/auth/cloudplatformprojects.readonly","https://www.googleapis.com/auth/firebase","openid"]
[debug] [2021-11-24T16:57:48.846Z] >>> HTTP REQUEST POST https://www.googleapis.com/oauth2/v3/token  
 <request body omitted>
[debug] [2021-11-24T16:57:49.278Z] <<< HTTP RESPONSE 200 {"pragma":"no-cache","cache-control":"no-cache, no-store, max-age=0, must-revalidate","expires":"Mon, 01 Jan 1990 00:00:00 GMT","date":"Wed, 24 Nov 2021 16:57:57 GMT","content-type":"application/json; charset=utf-8","vary":"X-Origin, Referer, Origin,Accept-Encoding","server":"scaffolding on HTTPServer2","x-xss-protection":"0","x-frame-options":"SAMEORIGIN","x-content-type-options":"nosniff","alt-svc":"h3=\":443\"; ma=2592000,h3-29=\":443\"; ma=2592000,h3-Q050=\":443\"; ma=2592000,h3-Q046=\":443\"; ma=2592000,h3-Q043=\":443\"; ma=2592000,quic=\":443\"; ma=2592000; v=\"46,43\"","accept-ranges":"none","transfer-encoding":"chunked"}
[debug] [2021-11-24T16:57:49.407Z] >>> HTTP REQUEST POST https://cloudresourcemanager.googleapis.com/v1/projects/it-solutions-96356:testIamPermissions  
 {"permissions":["firebase.projects.get","firebasehosting.sites.update"]}
[debug] [2021-11-24T16:57:50.522Z] <<< HTTP RESPONSE 200 {"content-type":"application/json; charset=UTF-8","vary":"X-Origin, Referer, Origin,Accept-Encoding","date":"Wed, 24 Nov 2021 16:57:58 GMT","server":"ESF","cache-control":"private","x-xss-protection":"0","x-frame-options":"SAMEORIGIN","x-content-type-options":"nosniff","server-timing":"gfet4t7; dur=650","alt-svc":"h3=\":443\"; ma=2592000,h3-29=\":443\"; ma=2592000,h3-Q050=\":443\"; ma=2592000,h3-Q046=\":443\"; ma=2592000,h3-Q043=\":443\"; ma=2592000,quic=\":443\"; ma=2592000; v=\"46,43\"","accept-ranges":"none","transfer-encoding":"chunked"}
[debug] [2021-11-24T16:57:50.527Z] > refreshing access token with scopes: []
[debug] [2021-11-24T16:57:50.527Z] >>> HTTP REQUEST POST https://www.googleapis.com/oauth2/v3/token  
 <request body omitted>
[debug] [2021-11-24T16:57:51.104Z] <<< HTTP RESPONSE 200 {"pragma":"no-cache","date":"Wed, 24 Nov 2021 16:57:59 GMT","expires":"Mon, 01 Jan 1990 00:00:00 GMT","cache-control":"no-cache, no-store, max-age=0, must-revalidate","content-type":"application/json; charset=utf-8","vary":"X-Origin, Referer, Origin,Accept-Encoding","server":"scaffolding on HTTPServer2","x-xss-protection":"0","x-frame-options":"SAMEORIGIN","x-content-type-options":"nosniff","alt-svc":"h3=\":443\"; ma=2592000,h3-29=\":443\"; ma=2592000,h3-Q050=\":443\"; ma=2592000,h3-Q046=\":443\"; ma=2592000,h3-Q043=\":443\"; ma=2592000,quic=\":443\"; ma=2592000; v=\"46,43\"","accept-ranges":"none","transfer-encoding":"chunked"}
[debug] [2021-11-24T16:57:51.225Z] >>> [apiv2][query] GET https://firebase.googleapis.com/v1beta1/projects/it-solutions-96356 [none]
[debug] [2021-11-24T16:57:52.008Z] <<< [apiv2][status] GET https://firebase.googleapis.com/v1beta1/projects/it-solutions-96356 200
[debug] [2021-11-24T16:57:52.009Z] <<< [apiv2][body] GET https://firebase.googleapis.com/v1beta1/projects/it-solutions-96356 {"projectId":"it-solutions-96356","projectNumber":"866264132272","displayName":"IT solutions","name":"projects/it-solutions-96356","resources":{"hostingSite":"it-solutions-96356"},"state":"ACTIVE"}
[info] 
[info] === Deploying to 'it-solutions-96356'...
[info] 
[info] i  deploying hosting 
[debug] [2021-11-24T16:57:52.015Z] > refreshing access token with scopes: ["email","https://www.googleapis.com/auth/cloud-platform","https://www.googleapis.com/auth/cloudplatformprojects.readonly","https://www.googleapis.com/auth/firebase","openid"]
[debug] [2021-11-24T16:57:52.016Z] >>> HTTP REQUEST POST https://www.googleapis.com/oauth2/v3/token  
 <request body omitted>
[debug] [2021-11-24T16:57:52.631Z] <<< HTTP RESPONSE 200 {"cache-control":"no-cache, no-store, max-age=0, must-revalidate","expires":"Mon, 01 Jan 1990 00:00:00 GMT","date":"Wed, 24 Nov 2021 16:58:00 GMT","pragma":"no-cache","content-type":"application/json; charset=utf-8","vary":"X-Origin, Referer, Origin,Accept-Encoding","server":"scaffolding on HTTPServer2","x-xss-protection":"0","x-frame-options":"SAMEORIGIN","x-content-type-options":"nosniff","alt-svc":"h3=\":443\"; ma=2592000,h3-29=\":443\"; ma=2592000,h3-Q050=\":443\"; ma=2592000,h3-Q046=\":443\"; ma=2592000,h3-Q043=\":443\"; ma=2592000,quic=\":443\"; ma=2592000; v=\"46,43\"","accept-ranges":"none","transfer-encoding":"chunked"}
[debug] [2021-11-24T16:57:52.726Z] >>> HTTP REQUEST POST https://firebasehosting.googleapis.com/v1beta1/sites/it-solutions-96356/versions  
 {"config":{"rewrites":[{"glob":"**","path":"/index.html"}]},"labels":{"deployment-tool":"cli-firebase"}}
[debug] [2021-11-24T16:57:54.122Z] <<< HTTP RESPONSE 200 {"content-type":"application/json; charset=UTF-8","vary":"X-Origin, Referer, Origin,Accept-Encoding","date":"Wed, 24 Nov 2021 16:58:02 GMT","server":"ESF","cache-control":"private","x-xss-protection":"0","x-frame-options":"SAMEORIGIN","x-content-type-options":"nosniff","alt-svc":"h3=\":443\"; ma=2592000,h3-29=\":443\"; ma=2592000,h3-Q050=\":443\"; ma=2592000,h3-Q046=\":443\"; ma=2592000,h3-Q043=\":443\"; ma=2592000,quic=\":443\"; ma=2592000; v=\"46,43\"","accept-ranges":"none","transfer-encoding":"chunked"}
[info] i  hosting[it-solutions-96356]: beginning deploy... 
[info] i  hosting[it-solutions-96356]: found 34 files in build 
[debug] [2021-11-24T16:57:54.154Z] > refreshing access token with scopes: []
[debug] [2021-11-24T16:57:54.155Z] >>> HTTP REQUEST POST https://www.googleapis.com/oauth2/v3/token  
 <request body omitted>
[debug] [2021-11-24T16:57:54.156Z] [hosting] hash cache [YnVpbGQ] stored for 34 files
[debug] [2021-11-24T16:57:54.157Z] [hosting][hash queue][FINAL] {"max":3,"min":0,"avg":0,"active":0,"complete":34,"success":34,"errored":0,"retried":0,"total":34,"elapsed":7}
[debug] [2021-11-24T16:57:55.124Z] <<< HTTP RESPONSE 200 {"pragma":"no-cache","date":"Wed, 24 Nov 2021 16:58:03 GMT","expires":"Mon, 01 Jan 1990 00:00:00 GMT","cache-control":"no-cache, no-store, max-age=0, must-revalidate","content-type":"application/json; charset=utf-8","vary":"X-Origin, Referer, Origin,Accept-Encoding","server":"scaffolding on HTTPServer2","x-xss-protection":"0","x-frame-options":"SAMEORIGIN","x-content-type-options":"nosniff","alt-svc":"h3=\":443\"; ma=2592000,h3-29=\":443\"; ma=2592000,h3-Q050=\":443\"; ma=2592000,h3-Q046=\":443\"; ma=2592000,h3-Q043=\":443\"; ma=2592000,quic=\":443\"; ma=2592000; v=\"46,43\"","accept-ranges":"none","transfer-encoding":"chunked"}
[debug] [2021-11-24T16:57:55.233Z] >>> [apiv2][query] POST https://firebasehosting.googleapis.com/v1beta1/sites/it-solutions-96356/versions/c2a205b405df762d:populateFiles [none]
[debug] [2021-11-24T16:57:55.233Z] >>> [apiv2][body] POST https://firebasehosting.googleapis.com/v1beta1/sites/it-solutions-96356/versions/c2a205b405df762d:populateFiles {"files":{"/asset-manifest.json":"d26272c777125b9b9e1260c20387e3bb8d9ad3189c510e313366779bd05d24f9","/favicon.ico":"c599b7a91ab3627e3538125d9f40adc2d4bf949046984262670545dc7738af06","/index.html":"1dd6d559052544b384cea73b8a931e434728a4e6a5a53f8978548b51a1408964","/logo192.png":"76c449ccb9cd117c2f2338f091b18f7050f3210e249b2228f5c81b23f34377cd","/logo512.png":"7779210d56c1f3741e2e487799fe3092def4fa6ac450a60532b807c3a8971205","/manifest.json":"0958a5e0c831126100c8c2d06a6bbaa665a3900f21aaff4130238a6f5a113aa1","/robots.txt":"2544ca049f223a42bff01f72ad930a5edba75bbb7199d0f8430a02ff5aca16ec","/static/css/2.bcea3ac5.chunk.css":"d0563e44d80e5bf12fd1617762326650d3e9ac28a3c6bf87e71ff82e3ec02abe","/static/css/2.bcea3ac5.chunk.css.map":"1589d8c595b0daa1dae67542143ed9cb01eb9b21eda3a4255e2af7e1c4843f7d","/static/css/main.d03ccfa4.chunk.css":"54185033e5b31415148ec610e62d710dff2c4df7ab8d35b56a311b123718ecd7","/static/css/main.d03ccfa4.chunk.css.map":"d9032db58cae2c1a0ac5b3f888e6373936672432d5dcd17134bd96c5373739da","/static/js/2.4c72e7b7.chunk.js":"b60c5fc650ceb6328056ee21e531cdafd852be0e616a47647b90d8e896d492ee","/static/js/2.4c72e7b7.chunk.js.LICENSE.txt":"4ed5fa89f2cecddf1c8a8994167587f28e9a86fb6b0bde530ad852e5dedf125a","/static/js/2.4c72e7b7.chunk.js.map":"b689af3a4bab833fcd5d4c6a629d4d3045e9503882f5d6f77dafee1896a44146","/static/js/main.53814fcd.chunk.js":"e12b1336364c8790e2e1dd4a4c6131b750c5b2977bde38cf2cc82fc33b821a5f","/static/js/main.53814fcd.chunk.js.map":"5fd4bbbfeeeda8ed16a113679ac4367965ded3da7e45b2adf1652bfb2f79056c","/static/js/runtime-main.72423d18.js":"b586b5d005e26301c2455f610765c6b75afad4a827e3ae0e44548645646c235a","/static/js/runtime-main.72423d18.js.map":"91e2b2a4c42bf55c718ec3a9a4ab381b14bac281ddf65e22122196b8edf5d646","/static/media/choose.272b9c7b.svg":"19c19200810cca1cd706cd916b85f567c3507a5eb59542b01feeb8e9f28364b6","/static/media/design.dbf2b426.svg":"f71471448eb94baae3dd9b852eae88193ee887d392b5aba7bb59efa996767e95","/static/media/features.c81e1ab7.svg":"7e0e4cfabef0ab0c46c57f65b2540aae37077dacc72034a3b006f796a8a4477e","/static/media/fontawesome-webfont.1e59d233.ttf":"64aa5f058bdf4b13431435cc4e8efb81c8ffd4db066748fd0cc824a57fba74de","/static/media/fontawesome-webfont.20fd1704.woff2":"75408058f6c8f9bfcc2e90568ed90df3f6fb09b3c3ee1a8303a4afd3ac0bc921","/static/media/fontawesome-webfont.8b43027f.eot":"57bf392fce6fab9ad8d0c1c3a92fdcdf61bda7959c467ebdbf9d3b4dcd9b8080","/static/media/fontawesome-webfont.c1e38fd9.svg":"712dd79e06a2a5e7c693fe6f926bef5f7ac278183f910ce1fc5b4c27b6488091","/static/media/fontawesome-webfont.f691f37e.woff":"4eef8bd2ec905087d7b4ac221dfd85d36d8c1f05d8de2915ecf4351dde4b701e","/static/media/github.44eee0c4.png":"6876d021dadc8bb2ba48ea03d5fc8feb32c8003bca5c54576273aa93cf949ad9","/static/media/illustration.0883c7fe.svg":"bbcdd77be8de09e9d1b30ba54c425479d791e2afeef3304a8f64527c0285ba7a","/static/media/mobile.f69056b4.svg":"80b8de933821d91561a65efccea9ea8db4f0cd3b628968f25a70381c37db2b20","/static/media/solution.9d931361.svg":"e273f3681ca5c3a03c6cc4126e3b684830270fac11356ffb55065a810ce60356","/static/media/team1.c8d5dcc1.jpg":"6c7d5a0736938534da788b797c830708077dcacc9c03de3d0b13376db22c6a0a","/static/media/team2.8e626413.jpg":"23e5599ca65593681d5d708aa9f39dbf1b86469f07b330e96f56b52220cf8614","/static/media/team3.4486ba86.jpg":"eb2c1431506c1f068f588343df009b219c1338d6e8c5a67b1ec4bb67284189d1","/static/media/xmas.d3159cab.svg":"1c62263711d641f584540b5b7d5a9c3232fc52008157bc452f9644115fd49679"}}
[debug] [2021-11-24T16:57:57.001Z] <<< [apiv2][status] POST https://firebasehosting.googleapis.com/v1beta1/sites/it-solutions-96356/versions/c2a205b405df762d:populateFiles 200
[debug] [2021-11-24T16:57:57.001Z] <<< [apiv2][body] POST https://firebasehosting.googleapis.com/v1beta1/sites/it-solutions-96356/versions/c2a205b405df762d:populateFiles {"uploadRequiredHashes":["23e5599ca65593681d5d708aa9f39dbf1b86469f07b330e96f56b52220cf8614","eb2c1431506c1f068f588343df009b219c1338d6e8c5a67b1ec4bb67284189d1"],"uploadUrl":"https://upload-firebasehosting.googleapis.com/upload/sites/it-solutions-96356/versions/c2a205b405df762d/files"}
[debug] [2021-11-24T16:57:57.006Z] >>> [apiv2][query] POST https://upload-firebasehosting.googleapis.com/upload/sites/it-solutions-96356/versions/c2a205b405df762d/files/23e5599ca65593681d5d708aa9f39dbf1b86469f07b330e96f56b52220cf8614 [none]
[debug] [2021-11-24T16:57:57.006Z] >>> [apiv2][body] POST https://upload-firebasehosting.googleapis.com/upload/sites/it-solutions-96356/versions/c2a205b405df762d/files/23e5599ca65593681d5d708aa9f39dbf1b86469f07b330e96f56b52220cf8614 [stream]
[debug] [2021-11-24T16:57:57.010Z] >>> [apiv2][query] POST https://upload-firebasehosting.googleapis.com/upload/sites/it-solutions-96356/versions/c2a205b405df762d/files/eb2c1431506c1f068f588343df009b219c1338d6e8c5a67b1ec4bb67284189d1 [none]
[debug] [2021-11-24T16:57:57.010Z] >>> [apiv2][body] POST https://upload-firebasehosting.googleapis.com/upload/sites/it-solutions-96356/versions/c2a205b405df762d/files/eb2c1431506c1f068f588343df009b219c1338d6e8c5a67b1ec4bb67284189d1 [stream]
[debug] [2021-11-24T16:57:57.012Z] [hosting][populate queue][FINAL] {"max":2851,"min":2851,"avg":2851,"active":0,"complete":1,"success":1,"errored":0,"retried":0,"total":1,"elapsed":2858}
[debug] [2021-11-24T16:57:57.012Z] [hosting] uploads queued: 2
[debug] [2021-11-24T16:59:09.108Z] [uploadQueue] Retrying task 23e5599ca65593681d5d708aa9f39dbf1b86469f07b330e96f56b52220cf8614
[debug] [2021-11-24T16:59:09.112Z] >>> [apiv2][query] POST https://upload-firebasehosting.googleapis.com/upload/sites/it-solutions-96356/versions/c2a205b405df762d/files/23e5599ca65593681d5d708aa9f39dbf1b86469f07b330e96f56b52220cf8614 [none]
[debug] [2021-11-24T16:59:09.112Z] >>> [apiv2][body] POST https://upload-firebasehosting.googleapis.com/upload/sites/it-solutions-96356/versions/c2a205b405df762d/files/23e5599ca65593681d5d708aa9f39dbf1b86469f07b330e96f56b52220cf8614 [stream]
[debug] [2021-11-24T16:59:26.907Z] [uploadQueue] Retrying task eb2c1431506c1f068f588343df009b219c1338d6e8c5a67b1ec4bb67284189d1
[debug] [2021-11-24T16:59:26.909Z] >>> [apiv2][query] POST https://upload-firebasehosting.googleapis.com/upload/sites/it-solutions-96356/versions/c2a205b405df762d/files/eb2c1431506c1f068f588343df009b219c1338d6e8c5a67b1ec4bb67284189d1 [none]
[debug] [2021-11-24T16:59:26.910Z] >>> [apiv2][body] POST https://upload-firebasehosting.googleapis.com/upload/sites/it-solutions-96356/versions/c2a205b405df762d/files/eb2c1431506c1f068f588343df009b219c1338d6e8c5a67b1ec4bb67284189d1 [stream]
